C:\USERS\ADMINISTRATOR\DESKTOP\TRAINING\TRAINING\名称遮掩规则\DEBUG\MAIN.OBJ
C:\USERS\ADMINISTRATOR\DESKTOP\TRAINING\TRAINING\名称遮掩规则\DEBUG\VC110.PDB
C:\Users\Administrator\Desktop\Training\Training\名称遮掩规则\Debug\main.obj
C:\Users\Administrator\Desktop\Training\Training\名称遮掩规则\Debug\cl.command.1.tlog
C:\Users\Administrator\Desktop\Training\Training\名称遮掩规则\Debug\CL.read.1.tlog
C:\Users\Administrator\Desktop\Training\Training\名称遮掩规则\Debug\CL.write.1.tlog
C:\Users\Administrator\Desktop\Training\Training\名称遮掩规则\Debug\link-cvtres.read.1.tlog
C:\Users\Administrator\Desktop\Training\Training\名称遮掩规则\Debug\link-cvtres.write.1.tlog
C:\Users\Administrator\Desktop\Training\Training\名称遮掩规则\Debug\link-rc.read.1.tlog
C:\Users\Administrator\Desktop\Training\Training\名称遮掩规则\Debug\link-rc.write.1.tlog
C:\Users\Administrator\Desktop\Training\Training\名称遮掩规则\Debug\link.35012-cvtres.read.1.tlog
C:\Users\Administrator\Desktop\Training\Training\名称遮掩规则\Debug\link.35012-cvtres.write.1.tlog
C:\Users\Administrator\Desktop\Training\Training\名称遮掩规则\Debug\link.35012-rc.read.1.tlog
C:\Users\Administrator\Desktop\Training\Training\名称遮掩规则\Debug\link.35012-rc.write.1.tlog
C:\Users\Administrator\Desktop\Training\Training\名称遮掩规则\Debug\link.35012.read.1.tlog
C:\Users\Administrator\Desktop\Training\Training\名称遮掩规则\Debug\link.35012.write.1.tlog
C:\Users\Administrator\Desktop\Training\Training\名称遮掩规则\Debug\link.35272-cvtres.read.1.tlog
C:\Users\Administrator\Desktop\Training\Training\名称遮掩规则\Debug\link.35272-cvtres.write.1.tlog
C:\Users\Administrator\Desktop\Training\Training\名称遮掩规则\Debug\link.35272-rc.read.1.tlog
C:\Users\Administrator\Desktop\Training\Training\名称遮掩规则\Debug\link.35272-rc.write.1.tlog
C:\Users\Administrator\Desktop\Training\Training\名称遮掩规则\Debug\link.35272.read.1.tlog
C:\Users\Administrator\Desktop\Training\Training\名称遮掩规则\Debug\link.35272.write.1.tlog
C:\Users\Administrator\Desktop\Training\Training\名称遮掩规则\Debug\link.command.1.tlog
C:\Users\Administrator\Desktop\Training\Training\名称遮掩规则\Debug\link.read.1.tlog
C:\Users\Administrator\Desktop\Training\Training\名称遮掩规则\Debug\link.write.1.tlog
C:\Users\Administrator\Desktop\Training\Training\名称遮掩规则\Debug\vc110.idb
C:\Users\Administrator\Desktop\Training\Training\名称遮掩规则\Debug\vc110.pdb
C:\Users\Administrator\Desktop\Training\Training\Debug\名称遮掩规则.pdb
