C:\USERS\ADMINISTRATOR\DESKTOP\TRAINING\TRAINING\OJ调整数组顺序使奇数位于偶数前面\DEBUG\TEST.OBJ
C:\USERS\ADMINISTRATOR\DESKTOP\TRAINING\TRAINING\OJ调整数组顺序使奇数位于偶数前面\DEBUG\VC110.PDB
C:\USERS\ADMINISTRATOR\DESKTOP\TRAINING\TRAINING\DEBUG\OJ调整数组顺序使奇数位于偶数前面.ILK
C:\USERS\ADMINISTRATOR\DESKTOP\TRAINING\TRAINING\DEBUG\OJ调整数组顺序使奇数位于偶数前面.EXE
C:\USERS\ADMINISTRATOR\DESKTOP\TRAINING\TRAINING\DEBUG\OJ调整数组顺序使奇数位于偶数前面.PDB
C:\Users\Administrator\Desktop\Training\Training\OJ调整数组顺序使奇数位于偶数前面\Debug\test.obj
C:\Users\Administrator\Desktop\Training\Training\OJ调整数组顺序使奇数位于偶数前面\Debug\cl.command.1.tlog
C:\Users\Administrator\Desktop\Training\Training\OJ调整数组顺序使奇数位于偶数前面\Debug\CL.read.1.tlog
C:\Users\Administrator\Desktop\Training\Training\OJ调整数组顺序使奇数位于偶数前面\Debug\CL.write.1.tlog
C:\Users\Administrator\Desktop\Training\Training\OJ调整数组顺序使奇数位于偶数前面\Debug\link-cvtres.read.1.tlog
C:\Users\Administrator\Desktop\Training\Training\OJ调整数组顺序使奇数位于偶数前面\Debug\link-cvtres.write.1.tlog
C:\Users\Administrator\Desktop\Training\Training\OJ调整数组顺序使奇数位于偶数前面\Debug\link-rc.read.1.tlog
C:\Users\Administrator\Desktop\Training\Training\OJ调整数组顺序使奇数位于偶数前面\Debug\link-rc.write.1.tlog
C:\Users\Administrator\Desktop\Training\Training\OJ调整数组顺序使奇数位于偶数前面\Debug\link.command.1.tlog
C:\Users\Administrator\Desktop\Training\Training\OJ调整数组顺序使奇数位于偶数前面\Debug\link.read.1.tlog
C:\Users\Administrator\Desktop\Training\Training\OJ调整数组顺序使奇数位于偶数前面\Debug\link.write.1.tlog
C:\Users\Administrator\Desktop\Training\Training\OJ调整数组顺序使奇数位于偶数前面\Debug\vc110.idb
C:\Users\Administrator\Desktop\Training\Training\OJ调整数组顺序使奇数位于偶数前面\Debug\vc110.pdb
C:\Users\Administrator\Desktop\Training\Training\Debug\OJ调整数组顺序使奇数位于偶数前面.pdb
C:\Users\Administrator\Desktop\Training\Training\Debug\OJ调整数组顺序使奇数位于偶数前面.exe
C:\Users\Administrator\Desktop\Training\Training\Debug\OJ调整数组顺序使奇数位于偶数前面.ilk
