C:\USERS\ADMINISTRATOR\DESKTOP\TRAINING\TRAINING\OJ用两个栈实现队列\DEBUG\TEST.OBJ
C:\USERS\ADMINISTRATOR\DESKTOP\TRAINING\TRAINING\OJ用两个栈实现队列\DEBUG\VC110.PDB
C:\USERS\ADMINISTRATOR\DESKTOP\TRAINING\TRAINING\DEBUG\OJ用两个栈实现队列.ILK
C:\USERS\ADMINISTRATOR\DESKTOP\TRAINING\TRAINING\DEBUG\OJ用两个栈实现队列.EXE
C:\USERS\ADMINISTRATOR\DESKTOP\TRAINING\TRAINING\DEBUG\OJ用两个栈实现队列.PDB
C:\Users\Administrator\Desktop\Training\Training\OJ用两个栈实现队列\Debug\test.obj
C:\Users\Administrator\Desktop\Training\Training\OJ用两个栈实现队列\Debug\cl.command.1.tlog
C:\Users\Administrator\Desktop\Training\Training\OJ用两个栈实现队列\Debug\CL.read.1.tlog
C:\Users\Administrator\Desktop\Training\Training\OJ用两个栈实现队列\Debug\CL.write.1.tlog
C:\Users\Administrator\Desktop\Training\Training\OJ用两个栈实现队列\Debug\link-cvtres.read.1.tlog
C:\Users\Administrator\Desktop\Training\Training\OJ用两个栈实现队列\Debug\link-cvtres.write.1.tlog
C:\Users\Administrator\Desktop\Training\Training\OJ用两个栈实现队列\Debug\link-rc.read.1.tlog
C:\Users\Administrator\Desktop\Training\Training\OJ用两个栈实现队列\Debug\link-rc.write.1.tlog
C:\Users\Administrator\Desktop\Training\Training\OJ用两个栈实现队列\Debug\link.command.1.tlog
C:\Users\Administrator\Desktop\Training\Training\OJ用两个栈实现队列\Debug\link.read.1.tlog
C:\Users\Administrator\Desktop\Training\Training\OJ用两个栈实现队列\Debug\link.write.1.tlog
C:\Users\Administrator\Desktop\Training\Training\OJ用两个栈实现队列\Debug\vc110.idb
C:\Users\Administrator\Desktop\Training\Training\OJ用两个栈实现队列\Debug\vc110.pdb
C:\Users\Administrator\Desktop\Training\Training\Debug\OJ用两个栈实现队列.pdb
C:\Users\Administrator\Desktop\Training\Training\Debug\OJ用两个栈实现队列.exe
C:\Users\Administrator\Desktop\Training\Training\Debug\OJ用两个栈实现队列.ilk
